<?xml version="1.0" encoding="UTF-8"?>
<!-- Generated by org.testng.reporters.JUnitReportReporter -->
<testsuite hostname="DESKTOP-7I28866" name="com.adactin.Testcases.TestCase119" tests="1" failures="0" timestamp="22 Jul 2016 10:18:41 GMT" time="36.718" errors="0">
  <testcase name="SearchOrderId" time="36.718" classname="com.adactin.Testcases.TestCase119"/>
</testsuite> <!-- com.adactin.Testcases.TestCase119 -->
