<?xml version="1.0" encoding="UTF-8"?>
<!-- Generated by org.testng.reporters.JUnitReportReporter -->
<testsuite hostname="DESKTOP-7I28866" name="com.adactin.Testcases.TestCase114" tests="2" failures="0" timestamp="22 Jul 2016 10:18:41 GMT" time="11.334" errors="0">
  <testcase name="OrderNumberVerification" time="7.752" classname="com.adactin.Testcases.TestCase114"/>
  <testcase name="loginandSearchhotels" time="3.582" classname="com.adactin.Testcases.TestCase114"/>
</testsuite> <!-- com.adactin.Testcases.TestCase114 -->
