<?xml version="1.0" encoding="UTF-8"?>
<!-- Generated by org.testng.reporters.JUnitReportReporter -->
<testsuite hostname="DESKTOP-7I28866" name="com.adactin.Testcases.TestCase102" tests="1" failures="0" timestamp="22 Jul 2016 10:18:41 GMT" time="5.922" errors="0">
  <testcase name="EnterDetailToCompareDate" time="5.922" classname="com.adactin.Testcases.TestCase102"/>
</testsuite> <!-- com.adactin.Testcases.TestCase102 -->
